Commit ke-1 pada Mon Jan  5 01:57:06 UTC 2026
Commit ke-2 pada Mon Jan  5 01:57:06 UTC 2026
Commit ke-3 pada Mon Jan  5 01:57:07 UTC 2026
Commit ke-4 pada Mon Jan  5 01:57:07 UTC 2026
Commit ke-5 pada Mon Jan  5 01:57:07 UTC 2026
Commit ke-6 pada Mon Jan  5 01:57:07 UTC 2026
Commit ke-7 pada Mon Jan  5 01:57:07 UTC 2026
Commit ke-8 pada Mon Jan  5 01:57:07 UTC 2026
Commit ke-9 pada Mon Jan  5 01:57:07 UTC 2026
Commit ke-10 pada Mon Jan  5 01:57:07 UTC 2026
Commit ke-11 pada Mon Jan  5 01:57:07 UTC 2026
Commit ke-12 pada Mon Jan  5 01:57:07 UTC 2026
Commit ke-1 pada Tue Jan  6 02:53:47 UTC 2026
Commit ke-2 pada Tue Jan  6 02:53:47 UTC 2026
Commit ke-3 pada Tue Jan  6 02:53:47 UTC 2026
Commit ke-4 pada Tue Jan  6 02:53:47 UTC 2026
Commit ke-5 pada Tue Jan  6 02:53:47 UTC 2026
Commit ke-6 pada Tue Jan  6 02:53:47 UTC 2026
Commit ke-7 pada Tue Jan  6 02:53:47 UTC 2026
Commit ke-8 pada Tue Jan  6 02:53:47 UTC 2026
Commit ke-9 pada Tue Jan  6 02:53:47 UTC 2026
Commit ke-10 pada Tue Jan  6 02:53:47 UTC 2026
Commit ke-11 pada Tue Jan  6 02:53:47 UTC 2026
Commit ke-12 pada Tue Jan  6 02:53:47 UTC 2026
Commit ke-13 pada Tue Jan  6 02:53:47 UTC 2026
Commit ke-1 pada Wed Jan  7 02:54:04 UTC 2026
Commit ke-2 pada Wed Jan  7 02:54:04 UTC 2026
Commit ke-3 pada Wed Jan  7 02:54:04 UTC 2026
Commit ke-4 pada Wed Jan  7 02:54:04 UTC 2026
Commit ke-5 pada Wed Jan  7 02:54:04 UTC 2026
Commit ke-6 pada Wed Jan  7 02:54:05 UTC 2026
Commit ke-7 pada Wed Jan  7 02:54:05 UTC 2026
Commit ke-8 pada Wed Jan  7 02:54:05 UTC 2026
Commit ke-9 pada Wed Jan  7 02:54:05 UTC 2026
Commit ke-10 pada Wed Jan  7 02:54:05 UTC 2026
Commit ke-1 pada Thu Jan  8 02:53:27 UTC 2026
Commit ke-2 pada Thu Jan  8 02:53:27 UTC 2026
Commit ke-3 pada Thu Jan  8 02:53:28 UTC 2026
Commit ke-4 pada Thu Jan  8 02:53:28 UTC 2026
Commit ke-5 pada Thu Jan  8 02:53:28 UTC 2026
Commit ke-6 pada Thu Jan  8 02:53:28 UTC 2026
Commit ke-7 pada Thu Jan  8 02:53:28 UTC 2026
Commit ke-8 pada Thu Jan  8 02:53:28 UTC 2026
Commit ke-9 pada Thu Jan  8 02:53:28 UTC 2026
Commit ke-10 pada Thu Jan  8 02:53:28 UTC 2026
Commit ke-11 pada Thu Jan  8 02:53:28 UTC 2026
Commit ke-12 pada Thu Jan  8 02:53:28 UTC 2026
Commit ke-1 pada Fri Jan  9 02:54:06 UTC 2026
Commit ke-2 pada Fri Jan  9 02:54:06 UTC 2026
Commit ke-3 pada Fri Jan  9 02:54:07 UTC 2026
Commit ke-4 pada Fri Jan  9 02:54:07 UTC 2026
Commit ke-5 pada Fri Jan  9 02:54:07 UTC 2026
